<?xml version="1.0" encoding="UTF-8"?>
<testsuites>
  <testsuite name="fastlane.lanes">
    
    
    
      
      <testcase classname="fastlane.lanes" name="0: default_platform" time="0.000127">
        
      </testcase>
    
      
      <testcase classname="fastlane.lanes" name="1: flutter clean" time="3.076889">
        
      </testcase>
    
      
      <testcase classname="fastlane.lanes" name="2: flutter pub get" time="2.195302">
        
      </testcase>
    
      
      <testcase classname="fastlane.lanes" name="3: flutter build ios --release --flavor dev -t lib/main_dev.dart --no-codesign" time="26.63575">
        
      </testcase>
    
      
      <testcase classname="fastlane.lanes" name="4: xcodebuild archive -workspace ../../ios/Runner.xcworkspace -scheme dev -archivePath ../../build/dev.xcarchive" time="24.299754">
        
      </testcase>
    
      
      <testcase classname="fastlane.lanes" name="5: 
        xcodebuild -exportArchive           -archivePath ../../build/dev.xcarchive           -exportOptionsPlist ../../ios/ExportOptions-dev.plist           -exportPath ../../build/ipa           -allowProvisioningUpdates
      " time="6.270609">
        
          <failure message="/Users/silvertaurus/.rbenv/versions/3.3.7/lib/ruby/gems/3.3.0/gems/fastlane-2.230.0/fastlane/lib/fastlane/actions/actions_helper.rb:67:in `execute_action&apos;&#10;/Users/silvertaurus/.rbenv/versions/3.3.7/lib/ruby/gems/3.3.0/gems/fastlane-2.230.0/fastlane/lib/fastlane/fast_file.rb:224:in `sh&apos;&#10;/Users/silvertaurus/.rbenv/versions/3.3.7/lib/ruby/gems/3.3.0/gems/fastlane-2.230.0/fastlane/lib/fastlane/fast_file.rb:216:in `sh&apos;&#10;Fastfile:13:in `block (2 levels) in parsing_binding&apos;&#10;/Users/silvertaurus/.rbenv/versions/3.3.7/lib/ruby/gems/3.3.0/gems/fastlane-2.230.0/fastlane/lib/fastlane/lane.rb:41:in `call&apos;&#10;/Users/silvertaurus/.rbenv/versions/3.3.7/lib/ruby/gems/3.3.0/gems/fastlane-2.230.0/fastlane/lib/fastlane/runner.rb:49:in `block in execute&apos;&#10;/Users/silvertaurus/.rbenv/versions/3.3.7/lib/ruby/gems/3.3.0/gems/fastlane-2.230.0/fastlane/lib/fastlane/runner.rb:45:in `chdir&apos;&#10;/Users/silvertaurus/.rbenv/versions/3.3.7/lib/ruby/gems/3.3.0/gems/fastlane-2.230.0/fastlane/lib/fastlane/runner.rb:45:in `execute&apos;&#10;/Users/silvertaurus/.rbenv/versions/3.3.7/lib/ruby/gems/3.3.0/gems/fastlane-2.230.0/fastlane/lib/fastlane/lane_manager.rb:46:in `cruise_lane&apos;&#10;/Users/silvertaurus/.rbenv/versions/3.3.7/lib/ruby/gems/3.3.0/gems/fastlane-2.230.0/fastlane/lib/fastlane/command_line_handler.rb:34:in `handle&apos;&#10;/Users/silvertaurus/.rbenv/versions/3.3.7/lib/ruby/gems/3.3.0/gems/fastlane-2.230.0/fastlane/lib/fastlane/commands_generator.rb:110:in `block (2 levels) in run&apos;&#10;/Users/silvertaurus/.rbenv/versions/3.3.7/lib/ruby/gems/3.3.0/gems/commander-4.6.0/lib/commander/command.rb:187:in `call&apos;&#10;/Users/silvertaurus/.rbenv/versions/3.3.7/lib/ruby/gems/3.3.0/gems/commander-4.6.0/lib/commander/command.rb:157:in `run&apos;&#10;/Users/silvertaurus/.rbenv/versions/3.3.7/lib/ruby/gems/3.3.0/gems/commander-4.6.0/lib/commander/runner.rb:444:in `run_active_command&apos;&#10;/Users/silvertaurus/.rbenv/versions/3.3.7/lib/ruby/gems/3.3.0/gems/fastlane-2.230.0/fastlane_core/lib/fastlane_core/ui/fastlane_runner.rb:124:in `run!&apos;&#10;/Users/silvertaurus/.rbenv/versions/3.3.7/lib/ruby/gems/3.3.0/gems/commander-4.6.0/lib/commander/delegates.rb:18:in `run!&apos;&#10;/Users/silvertaurus/.rbenv/versions/3.3.7/lib/ruby/gems/3.3.0/gems/fastlane-2.230.0/fastlane/lib/fastlane/commands_generator.rb:363:in `run&apos;&#10;/Users/silvertaurus/.rbenv/versions/3.3.7/lib/ruby/gems/3.3.0/gems/fastlane-2.230.0/fastlane/lib/fastlane/commands_generator.rb:43:in `start&apos;&#10;/Users/silvertaurus/.rbenv/versions/3.3.7/lib/ruby/gems/3.3.0/gems/fastlane-2.230.0/fastlane/lib/fastlane/cli_tools_distributor.rb:123:in `take_off&apos;&#10;/Users/silvertaurus/.rbenv/versions/3.3.7/lib/ruby/gems/3.3.0/gems/fastlane-2.230.0/bin/fastlane:23:in `&lt;top (required)&gt;&apos;&#10;/Users/silvertaurus/.rbenv/versions/3.3.7/bin/fastlane:25:in `load&apos;&#10;/Users/silvertaurus/.rbenv/versions/3.3.7/bin/fastlane:25:in `&lt;main&gt;&apos;&#10;&#10;Exit status of command &apos;&#10;        xcodebuild -exportArchive           -archivePath ../../build/dev.xcarchive           -exportOptionsPlist ../../ios/ExportOptions-dev.plist           -exportPath ../../build/ipa           -allowProvisioningUpdates&#10;      &apos; was 70 instead of 0.&#10;2026-01-08 17:20:21.787 xcodebuild[37079:345974] [MT] IDEDistribution: -[IDEDistributionLogging _createLoggingBundleAtPath:]: Created bundle at path &quot;/var/folders/2_/pn6d6b1s1g374df95r1ds68c0000gn/T/dev_2026-01-08_17-20-21.787.xcdistributionlogs&quot;.&#10;error: exportArchive Team &quot;Gayuh Nurul Huda&quot; does not have permission to create &quot;iOS Ad Hoc&quot; provisioning profiles.&#10;&#10;error: exportArchive No profiles for &apos;com.gayuh.movies.dev&apos; were found&#10;&#10;error: exportArchive Communication with Apple failed&#10;&#10;error: exportArchive No signing certificate &quot;iOS Distribution&quot; found&#10;&#10;error: exportArchive Communication with Apple failed&#10;&#10;error: exportArchive No signing certificate &quot;iOS Distribution&quot; found&#10;&#10;** EXPORT FAILED **&#10;&#10;" />
        
      </testcase>
    
  </testsuite>
</testsuites>
